# JRE version: OpenJDK Runtime Environment (11.0.10) (build 11.0.10+0-b96-7249189)
# Java VM: OpenJDK 64-Bit Server VM (11.0.10+0-b96-7249189, mixed mode, tiered, compressed oops, g1 gc, windows-amd64)
Heap:
 garbage-first heap   total 260096K, used 144819K [0x0000000080000000, 0x0000000100000000)
  region size 1024K, 124 young (126976K), 13 survivors (13312K)
 Metaspace       used 54630K, capacity 56090K, committed 56316K, reserved 1097728K
  class space    used 6904K, capacity 7470K, committed 7552K, reserved 1048576K
GC Heap History (10 events):
Event: 0.715 GC heap before
{Heap before GC invocations=0 (full 0):
 garbage-first heap   total 260096K, used 29696K [0x0000000080000000, 0x0000000100000000)
  region size 1024K, 24 young (24576K), 0 survivors (0K)
 Metaspace       used 10224K, capacity 10467K, committed 10624K, reserved 1058816K
  class space    used 1060K, capacity 1106K, committed 1152K, reserved 1048576K
}
Event: 0.717 GC heap after
{Heap after GC invocations=1 (full 0):
 garbage-first heap   total 260096K, used 9584K [0x0000000080000000, 0x0000000100000000)
  region size 1024K, 3 young (3072K), 3 survivors (3072K)
 Metaspace       used 10224K, capacity 10467K, committed 10624K, reserved 1058816K
  class space    used 1060K, capacity 1106K, committed 1152K, reserved 1048576K
}
Event: 2.563 GC heap before
{Heap before GC invocations=1 (full 0):
 garbage-first heap   total 260096K, used 106864K [0x0000000080000000, 0x0000000100000000)
  region size 1024K, 99 young (101376K), 3 survivors (3072K)
 Metaspace       used 20634K, capacity 21136K, committed 21296K, reserved 1069056K
  class space    used 2500K, capacity 2658K, committed 2688K, reserved 1048576K
}
Event: 2.569 GC heap after
{Heap after GC invocations=2 (full 0):
 garbage-first heap   total 260096K, used 16799K [0x0000000080000000, 0x0000000100000000)
  region size 1024K, 11 young (11264K), 11 survivors (11264K)
 Metaspace       used 20634K, capacity 21136K, committed 21296K, reserved 1069056K
  class space    used 2500K, capacity 2658K, committed 2688K, reserved 1048576K
}
Event: 2.812 GC heap before
{Heap before GC invocations=3 (full 0):
 garbage-first heap   total 260096K, used 53663K [0x0000000080000000, 0x0000000100000000)
  region size 1024K, 48 young (49152K), 11 survivors (11264K)
 Metaspace       used 24304K, capacity 24966K, committed 25008K, reserved 1071104K
  class space    used 3112K, capacity 3321K, committed 3328K, reserved 1048576K
}
Event: 2.816 GC heap after
{Heap after GC invocations=4 (full 0):
 garbage-first heap   total 260096K, used 17876K [0x0000000080000000, 0x0000000100000000)
  region size 1024K, 2 young (2048K), 2 survivors (2048K)
 Metaspace       used 24304K, capacity 24966K, committed 25008K, reserved 1071104K
  class space    used 3112K, capacity 3321K, committed 3328K, reserved 1048576K
}
Event: 3.446 GC heap before
{Heap before GC invocations=4 (full 0):
 garbage-first heap   total 260096K, used 91604K [0x0000000080000000, 0x0000000100000000)
  region size 1024K, 75 young (76800K), 2 survivors (2048K)
 Metaspace       used 34872K, capacity 35614K, committed 35708K, reserved 1081344K
  class space    used 4526K, capacity 4832K, committed 4864K, reserved 1048576K
}
Event: 3.450 GC heap after
{Heap after GC invocations=5 (full 0):
 garbage-first heap   total 260096K, used 21848K [0x0000000080000000, 0x0000000100000000)
  region size 1024K, 6 young (6144K), 6 survivors (6144K)
 Metaspace       used 34872K, capacity 35614K, committed 35708K, reserved 1081344K
  class space    used 4526K, capacity 4832K, committed 4864K, reserved 1048576K
}
Event: 4.373 GC heap before
{Heap before GC invocations=6 (full 0):
 garbage-first heap   total 260096K, used 147800K [0x0000000080000000, 0x0000000100000000)
  region size 1024K, 126 young (129024K), 6 survivors (6144K)
 Metaspace       used 44698K, capacity 45805K, committed 46076K, reserved 1089536K
  class space    used 5708K, capacity 6148K, committed 6272K, reserved 1048576K
}
Event: 4.378 GC heap after
{Heap after GC invocations=7 (full 0):
 garbage-first heap   total 260096K, used 29107K [0x0000000080000000, 0x0000000100000000)
  region size 1024K, 13 young (13312K), 13 survivors (13312K)
 Metaspace       used 44698K, capacity 45805K, committed 46076K, reserved 1089536K
  class space    used 5708K, capacity 6148K, committed 6272K, reserved 1048576K
}

